[10:12:37] [ServerMain/INFO]: Environment: Environment[sessionHost=https://sessionserver.mojang.com, servicesHost=https://api.minecraftservices.com, name=PROD]
[10:12:39] [ServerMain/INFO]: Loaded 1175 recipes
[10:12:39] [ServerMain/INFO]: Loaded 1276 advancements
[10:12:39] [Server thread/INFO]: Starting minecraft server version 1.20.6
[10:12:39] [Server thread/INFO]: Loading properties
[10:12:39] [Server thread/INFO]: Default game type: SURVIVAL
[10:12:39] [Server thread/INFO]: Generating keypair
[10:12:39] [Server console handler/ERROR]: Exception handling console input
java.io.IOException: Controlador no válido
	at java.base/java.io.FileInputStream.readBytes(Native Method) ~[?:?]
	at java.base/java.io.FileInputStream.read(FileInputStream.java:287) ~[?:?]
	at java.base/java.io.BufferedInputStream.read1(BufferedInputStream.java:345) ~[?:?]
	at java.base/java.io.BufferedInputStream.implRead(BufferedInputStream.java:420) ~[?:?]
	at java.base/java.io.BufferedInputStream.read(BufferedInputStream.java:399) ~[?:?]
	at java.base/sun.nio.cs.StreamDecoder.readBytes(StreamDecoder.java:350) ~[?:?]
	at java.base/sun.nio.cs.StreamDecoder.implRead(StreamDecoder.java:393) ~[?:?]
	at java.base/sun.nio.cs.StreamDecoder.lockedRead(StreamDecoder.java:217) ~[?:?]
	at java.base/sun.nio.cs.StreamDecoder.read(StreamDecoder.java:171) ~[?:?]
	at java.base/java.io.InputStreamReader.read(InputStreamReader.java:186) ~[?:?]
	at java.base/java.io.BufferedReader.fill(BufferedReader.java:160) ~[?:?]
	at java.base/java.io.BufferedReader.implReadLine(BufferedReader.java:370) ~[?:?]
	at java.base/java.io.BufferedReader.readLine(BufferedReader.java:347) ~[?:?]
	at java.base/java.io.BufferedReader.readLine(BufferedReader.java:436) ~[?:?]
	at aqb$1.run(SourceFile:98) [server-1.20.6.jar:?]
[10:12:39] [Server thread/INFO]: Starting Minecraft server on *:25565
[10:12:39] [Server thread/INFO]: Using default channel type
[10:12:39] [Server thread/INFO]: Preparing level "world"
[10:12:40] [Server thread/INFO]: Preparing start region for dimension minecraft:overworld
[10:12:41] [Worker-Main-15/INFO]: Preparing spawn area: 0%
[10:12:41] [Worker-Main-15/INFO]: Preparing spawn area: 0%
[10:12:41] [Worker-Main-12/INFO]: Preparing spawn area: 4%
[10:12:41] [Server thread/INFO]: Time elapsed: 1253 ms
[10:12:41] [Server thread/INFO]: Done (1.683s)! For help, type "help"
[10:13:50] [User Authenticator #1/INFO]: UUID of player NoviceRatchet is 6abec81d-7992-45cb-bfd3-539ead6c79e3
[10:13:51] [Server thread/INFO]: NoviceRatchet[/192.168.1.1:51236] logged in with entity id 62 at (2207.699999988079, 119.0, -2436.1301578644775)
[10:13:51] [Server thread/INFO]: NoviceRatchet joined the game
[10:14:43] [Server thread/INFO]: NoviceRatchet lost connection: Disconnected
[10:14:43] [Server thread/INFO]: NoviceRatchet left the game
[10:15:44] [User Authenticator #2/INFO]: UUID of player NoviceRatchet is 6abec81d-7992-45cb-bfd3-539ead6c79e3
[10:15:44] [Server thread/INFO]: NoviceRatchet[/192.168.1.1:51346] logged in with entity id 575 at (2256.3921509849497, 112.0, -2237.4097891182487)
[10:15:44] [Server thread/INFO]: NoviceRatchet joined the game
[10:15:47] [Server thread/INFO]: NoviceRatchet lost connection: Disconnected
[10:15:47] [Server thread/INFO]: NoviceRatchet left the game
[10:16:37] [Server thread/INFO]: Stopping server
[10:16:37] [Server thread/INFO]: Saving players
[10:16:37] [Server thread/INFO]: Saving worlds
[10:16:37] [Server thread/INFO]: Saving chunks for level 'ServerLevel[world]'/minecraft:overworld
[10:16:37] [Server thread/INFO]: Saving chunks for level 'ServerLevel[world]'/minecraft:the_end
[10:16:37] [Server thread/INFO]: Saving chunks for level 'ServerLevel[world]'/minecraft:the_nether
[10:16:37] [Server thread/INFO]: ThreadedAnvilChunkStorage (world): All chunks are saved
[10:16:37] [Server thread/INFO]: ThreadedAnvilChunkStorage (DIM1): All chunks are saved
[10:16:37] [Server thread/INFO]: ThreadedAnvilChunkStorage (DIM-1): All chunks are saved
[10:16:37] [Server thread/INFO]: ThreadedAnvilChunkStorage: All dimensions are saved
